{"/Users/richardo/repos/fetch-backend-challenge/src/index.ts": {"path":"/Users/richardo/repos/fetch-backend-challenge/src/index.ts","statementMap":{"0":{"start":{"line":1,"column":0},"end":{"line":1,"column":66}},"1":{"start":{"line":2,"column":0},"end":{"line":2,"column":22}},"2":{"start":{"line":3,"column":0},"end":{"line":3,"column":28}},"3":{"start":{"line":4,"column":0},"end":{"line":4,"column":43}},"4":{"start":{"line":8,"column":13},"end":{"line":8,"column":37}},"5":{"start":{"line":9,"column":25},"end":{"line":9,"column":34}},"6":{"start":{"line":12,"column":0},"end":{"line":12,"column":24}},"7":{"start":{"line":13,"column":0},"end":{"line":13,"column":18}},"8":{"start":{"line":14,"column":27},"end":{"line":19,"column":2}},"9":{"start":{"line":20,"column":0},"end":{"line":20,"column":28}},"10":{"start":{"line":29,"column":43},"end":{"line":29,"column":45}},"11":{"start":{"line":30,"column":47},"end":{"line":30,"column":49}},"12":{"start":{"line":31,"column":22},"end":{"line":31,"column":23}},"13":{"start":{"line":43,"column":24},"end":{"line":47,"column":2}},"14":{"start":{"line":50,"column":18},"end":{"line":72,"column":1}},"15":{"start":{"line":52,"column":2},"end":{"line":52,"column":35}},"16":{"start":{"line":60,"column":2},"end":{"line":60,"column":54}},"17":{"start":{"line":61,"column":2},"end":{"line":61,"column":61}},"18":{"start":{"line":61,"column":34},"end":{"line":61,"column":59}},"19":{"start":{"line":64,"column":2},"end":{"line":68,"column":null}},"20":{"start":{"line":65,"column":4},"end":{"line":65,"column":35}},"21":{"start":{"line":67,"column":4},"end":{"line":67,"column":34}},"22":{"start":{"line":71,"column":2},"end":{"line":71,"column":28}},"23":{"start":{"line":75,"column":29},"end":{"line":77,"column":2}},"24":{"start":{"line":80,"column":23},"end":{"line":111,"column":1}},"25":{"start":{"line":81,"column":2},"end":{"line":110,"column":null}},"26":{"start":{"line":82,"column":30},"end":{"line":82,"column":75}},"27":{"start":{"line":83,"column":4},"end":{"line":109,"column":null}},"28":{"start":{"line":86,"column":6},"end":{"line":86,"column":73}},"29":{"start":{"line":89,"column":6},"end":{"line":89,"column":29}},"30":{"start":{"line":92,"column":6},"end":{"line":92,"column":39}},"31":{"start":{"line":95,"column":6},"end":{"line":95,"column":48}},"32":{"start":{"line":99,"column":6},"end":{"line":99,"column":62}},"33":{"start":{"line":102,"column":6},"end":{"line":102,"column":76}},"34":{"start":{"line":105,"column":6},"end":{"line":105,"column":39}},"35":{"start":{"line":108,"column":6},"end":{"line":108,"column":24}},"36":{"start":{"line":114,"column":31},"end":{"line":127,"column":1}},"37":{"start":{"line":118,"column":2},"end":{"line":124,"column":null}},"38":{"start":{"line":119,"column":4},"end":{"line":123,"column":null}},"39":{"start":{"line":120,"column":6},"end":{"line":120,"column":40}},"40":{"start":{"line":122,"column":6},"end":{"line":122,"column":71}},"41":{"start":{"line":126,"column":2},"end":{"line":126,"column":29}},"42":{"start":{"line":138,"column":0},"end":{"line":145,"column":3}},"43":{"start":{"line":139,"column":2},"end":{"line":139,"column":21}},"44":{"start":{"line":140,"column":65},"end":{"line":143,"column":4}},"45":{"start":{"line":144,"column":2},"end":{"line":144,"column":22}},"46":{"start":{"line":148,"column":0},"end":{"line":151,"column":3}},"47":{"start":{"line":149,"column":2},"end":{"line":149,"column":21}},"48":{"start":{"line":150,"column":2},"end":{"line":150,"column":26}},"49":{"start":{"line":155,"column":0},"end":{"line":164,"column":3}},"50":{"start":{"line":156,"column":27},"end":{"line":156,"column":61}},"51":{"start":{"line":158,"column":2},"end":{"line":163,"column":null}},"52":{"start":{"line":159,"column":4},"end":{"line":159,"column":null}},"53":{"start":{"line":160,"column":4},"end":{"line":160,"column":24}},"54":{"start":{"line":162,"column":4},"end":{"line":162,"column":24}},"55":{"start":{"line":167,"column":0},"end":{"line":177,"column":3}},"56":{"start":{"line":168,"column":27},"end":{"line":168,"column":66}},"57":{"start":{"line":169,"column":2},"end":{"line":176,"column":null}},"58":{"start":{"line":170,"column":32},"end":{"line":170,"column":64}},"59":{"start":{"line":171,"column":4},"end":{"line":171,"column":33}},"60":{"start":{"line":172,"column":20},"end":{"line":172,"column":78}},"61":{"start":{"line":173,"column":4},"end":{"line":173,"column":22}},"62":{"start":{"line":175,"column":4},"end":{"line":175,"column":24}},"63":{"start":{"line":179,"column":15},"end":{"line":181,"column":2}},"64":{"start":{"line":180,"column":2},"end":{"line":180,"column":56}},"65":{"start":{"line":183,"column":0},"end":{"line":183,"column":24}}},"fnMap":{"0":{"name":"(anonymous_1)","decl":{"start":{"line":50,"column":18},"end":{"line":50,"column":19}},"loc":{"start":{"line":50,"column":70},"end":{"line":72,"column":1}}},"1":{"name":"(anonymous_2)","decl":{"start":{"line":61,"column":24},"end":{"line":61,"column":25}},"loc":{"start":{"line":61,"column":34},"end":{"line":61,"column":59}}},"2":{"name":"(anonymous_3)","decl":{"start":{"line":80,"column":23},"end":{"line":80,"column":24}},"loc":{"start":{"line":80,"column":55},"end":{"line":111,"column":1}}},"3":{"name":"(anonymous_4)","decl":{"start":{"line":114,"column":31},"end":{"line":114,"column":null}},"loc":{"start":{"line":117,"column":4},"end":{"line":127,"column":1}}},"4":{"name":"(anonymous_5)","decl":{"start":{"line":138,"column":13},"end":{"line":138,"column":14}},"loc":{"start":{"line":138,"column":45},"end":{"line":145,"column":1}}},"5":{"name":"(anonymous_6)","decl":{"start":{"line":148,"column":28},"end":{"line":148,"column":29}},"loc":{"start":{"line":148,"column":60},"end":{"line":151,"column":1}}},"6":{"name":"(anonymous_7)","decl":{"start":{"line":155,"column":33},"end":{"line":155,"column":34}},"loc":{"start":{"line":155,"column":65},"end":{"line":164,"column":1}}},"7":{"name":"(anonymous_8)","decl":{"start":{"line":167,"column":38},"end":{"line":167,"column":39}},"loc":{"start":{"line":167,"column":70},"end":{"line":177,"column":1}}},"8":{"name":"(anonymous_9)","decl":{"start":{"line":179,"column":32},"end":{"line":179,"column":35}},"loc":{"start":{"line":179,"column":37},"end":{"line":181,"column":1}}}},"branchMap":{"0":{"loc":{"start":{"line":8,"column":13},"end":{"line":8,"column":37}},"type":"binary-expr","locations":[{"start":{"line":8,"column":13},"end":{"line":8,"column":29}},{"start":{"line":8,"column":33},"end":{"line":8,"column":37}}]},"1":{"loc":{"start":{"line":64,"column":2},"end":{"line":68,"column":null}},"type":"if","locations":[{"start":{"line":64,"column":2},"end":{"line":68,"column":null}},{"start":{"line":66,"column":9},"end":{"line":68,"column":null}}]},"2":{"loc":{"start":{"line":83,"column":4},"end":{"line":109,"column":null}},"type":"if","locations":[{"start":{"line":83,"column":4},"end":{"line":109,"column":null}},{"start":{"line":96,"column":11},"end":{"line":109,"column":null}}]},"3":{"loc":{"start":{"line":119,"column":4},"end":{"line":123,"column":null}},"type":"if","locations":[{"start":{"line":119,"column":4},"end":{"line":123,"column":null}},{"start":{"line":121,"column":11},"end":{"line":123,"column":null}}]},"4":{"loc":{"start":{"line":158,"column":2},"end":{"line":163,"column":null}},"type":"if","locations":[{"start":{"line":158,"column":2},"end":{"line":163,"column":null}},{"start":{"line":161,"column":9},"end":{"line":163,"column":null}}]},"5":{"loc":{"start":{"line":169,"column":2},"end":{"line":176,"column":null}},"type":"if","locations":[{"start":{"line":169,"column":2},"end":{"line":176,"column":null}},{"start":{"line":174,"column":9},"end":{"line":176,"column":null}}]},"6":{"loc":{"start":{"line":169,"column":6},"end":{"line":169,"column":60}},"type":"binary-expr","locations":[{"start":{"line":169,"column":6},"end":{"line":169,"column":25}},{"start":{"line":169,"column":29},"end":{"line":169,"column":60}}]}},"s":{"0":1,"1":1,"2":1,"3":1,"4":1,"5":1,"6":1,"7":1,"8":1,"9":1,"10":1,"11":1,"12":1,"13":1,"14":1,"15":2,"16":2,"17":2,"18":1,"19":2,"20":1,"21":1,"22":2,"23":1,"24":1,"25":1,"26":1,"27":1,"28":1,"29":1,"30":1,"31":1,"32":0,"33":0,"34":0,"35":0,"36":1,"37":1,"38":1,"39":0,"40":1,"41":1,"42":1,"43":0,"44":0,"45":0,"46":1,"47":5,"48":5,"49":1,"50":6,"51":6,"52":2,"53":2,"54":4,"55":1,"56":1,"57":1,"58":1,"59":1,"60":1,"61":1,"62":0,"63":1,"64":1,"65":1},"f":{"0":2,"1":1,"2":1,"3":1,"4":0,"5":5,"6":6,"7":1,"8":1},"b":{"0":[1,1],"1":[1,1],"2":[1,0],"3":[0,1],"4":[2,4],"5":[1,0],"6":[1,1]}}
}
