TN:
SF:src/index.ts
FN:50,(anonymous_1)
FN:61,(anonymous_2)
FN:80,(anonymous_3)
FN:114,(anonymous_4)
FN:138,(anonymous_5)
FN:148,(anonymous_6)
FN:155,(anonymous_7)
FN:167,(anonymous_8)
FN:179,(anonymous_9)
FNF:9
FNH:8
FNDA:2,(anonymous_1)
FNDA:1,(anonymous_2)
FNDA:1,(anonymous_3)
FNDA:1,(anonymous_4)
FNDA:0,(anonymous_5)
FNDA:5,(anonymous_6)
FNDA:6,(anonymous_7)
FNDA:1,(anonymous_8)
FNDA:1,(anonymous_9)
DA:1,1
DA:2,1
DA:3,1
DA:4,1
DA:8,1
DA:9,1
DA:12,1
DA:13,1
DA:14,1
DA:20,1
DA:29,1
DA:30,1
DA:31,1
DA:43,1
DA:50,1
DA:52,2
DA:60,2
DA:61,2
DA:64,2
DA:65,1
DA:67,1
DA:71,2
DA:75,1
DA:80,1
DA:81,1
DA:82,1
DA:83,1
DA:86,1
DA:89,1
DA:92,1
DA:95,1
DA:99,0
DA:102,0
DA:105,0
DA:108,0
DA:114,1
DA:118,1
DA:119,1
DA:120,0
DA:122,1
DA:126,1
DA:138,1
DA:139,0
DA:140,0
DA:144,0
DA:148,1
DA:149,5
DA:150,5
DA:155,1
DA:156,6
DA:158,6
DA:159,2
DA:160,2
DA:162,4
DA:167,1
DA:168,1
DA:169,1
DA:170,1
DA:171,1
DA:172,1
DA:173,1
DA:175,0
DA:179,1
DA:180,1
DA:183,1
LF:65
LH:56
BRDA:8,0,0,1
BRDA:8,0,1,1
BRDA:64,1,0,1
BRDA:64,1,1,1
BRDA:83,2,0,1
BRDA:83,2,1,0
BRDA:119,3,0,0
BRDA:119,3,1,1
BRDA:158,4,0,2
BRDA:158,4,1,4
BRDA:169,5,0,1
BRDA:169,5,1,0
BRDA:169,6,0,1
BRDA:169,6,1,1
BRF:14
BRH:11
end_of_record
